[2024-06-05 11:09:10][HiveNodeManager                ][INFO   ] Node London does not exist in the node list...
[2024-06-05 11:09:10][HiveNodeManager                ][ERROR  ] Failed to load configuration: module 'datetime' has no attribute 'now'
[2024-06-05 11:09:10][HiveReceiverService            ][INFO   ] HiveReceiverService is running...
[2024-06-05 11:09:15][HiveNodeManager                ][INFO   ] ------------------------------------------------------------------------------------------------------------------------
[2024-06-05 11:09:15][HiveNodeManager                ][INFO   ] Friendly Name  | IP Address | Port  | Status | Last Heartbeat | Failed Connections
[2024-06-05 11:09:15][HiveNodeManager                ][INFO   ] -------------- | ---------- | ----- | ------ | -------------- | ------------------
[2024-06-05 11:09:15][HiveNodeManager                ][INFO   ] London*        | 127.0.0.1  | 54322 | Live   | None           | 0                 
[2024-06-05 11:09:15][HiveNodeManager                ][INFO   ] ------------------------------------------------------------------------------------------------------------------------
[2024-06-05 12:05:38][HiveNodeManager                ][INFO   ] Node London does not exist in the node list...
[2024-06-05 12:05:38][HiveNodeManager                ][INFO   ] Node London does not exist in the node list...
[2024-06-05 12:05:38][HiveNodeManager                ][INFO   ] Node New York does not exist in the node list...
[2024-06-05 12:05:38][HiveNodeManager                ][INFO   ] Configuration loaded successfully.
[2024-06-05 12:05:38][HeartbeatProtocolCommandManager][INFO   ] Sending heartbeat to London...
[2024-06-05 12:05:41][CliCommandProcessor            ][INFO   ] Unknown command: pri
[2024-06-05 12:05:45][HiveSenderClient               ][ERROR  ] Connection to London failed
[2024-06-05 12:05:48][HeartbeatProtocolCommandManager][INFO   ] Sending heartbeat to London...
[2024-06-05 12:05:52][HiveSenderClient               ][ERROR  ] Connection to London failed
[2024-06-05 12:05:58][HeartbeatProtocolCommandManager][INFO   ] Sending heartbeat to London...
[2024-06-05 12:05:59][HiveSenderClient               ][ERROR  ] Connection to London failed
[2024-06-05 12:06:07][HiveSenderClient               ][ERROR  ] Connection to New York failed
[2024-06-05 12:06:08][HeartbeatProtocolCommandManager][INFO   ] Sending heartbeat to New York...
[2024-06-05 12:06:14][HiveSenderClient               ][ERROR  ] Connection to London failed
[2024-06-05 12:06:18][HeartbeatProtocolCommandManager][INFO   ] Sending heartbeat to New York...
[2024-06-05 12:06:55][HiveNodeManager                ][INFO   ] Node London does not exist in the node list...
[2024-06-05 12:06:55][HiveNodeManager                ][INFO   ] Node London does not exist in the node list...
[2024-06-05 12:06:55][HiveNodeManager                ][INFO   ] Node New York does not exist in the node list...
[2024-06-05 12:06:55][HiveNodeManager                ][INFO   ] Configuration loaded successfully.
[2024-06-05 12:06:55][HiveReceiverService            ][INFO   ] HiveReceiverService is running...
[2024-06-05 12:06:55][HeartbeatProtocolCommandManager][INFO   ] Sending heartbeat to London...
[2024-06-05 12:06:59][HiveNodeManager                ][INFO   ] ------------------------------------------------------------------------------------------------------------------------
[2024-06-05 12:06:59][HiveNodeManager                ][INFO   ] Friendly Name  | IP Address  | Port  | Status | Last Heartbeat | Failed Connections
[2024-06-05 12:06:59][HiveNodeManager                ][INFO   ] -------------- | ----------- | ----- | ------ | -------------- | ------------------
[2024-06-05 12:06:59][HiveNodeManager                ][INFO   ] London*        | 127.0.0.1   | 54322 | Live   | None           | 0                 
[2024-06-05 12:06:59][HiveNodeManager                ][INFO   ] London*        | 192.168.1.1 | 8000  | Live   | None           | 0                 
[2024-06-05 12:06:59][HiveNodeManager                ][INFO   ] New York*      | 192.168.1.2 | 8001  | Live   | None           | 0                 
[2024-06-05 12:06:59][HiveNodeManager                ][INFO   ] ------------------------------------------------------------------------------------------------------------------------
[2024-06-05 12:07:02][HiveSenderClient               ][ERROR  ] Connection to New York failed
[2024-06-05 12:07:05][HeartbeatProtocolCommandManager][INFO   ] Sending heartbeat to New York...
[2024-06-05 12:07:09][HiveSenderClient               ][ERROR  ] Connection to London failed
[2024-06-05 12:07:15][HeartbeatProtocolCommandManager][INFO   ] Sending heartbeat to London...
[2024-06-05 12:07:16][HiveSenderClient               ][ERROR  ] Connection to New York failed
[2024-06-05 12:07:23][HiveSenderClient               ][ERROR  ] Connection to London failed
[2024-06-05 12:07:25][HeartbeatProtocolCommandManager][INFO   ] Sending heartbeat to New York...
[2024-06-05 12:07:30][HiveSenderClient               ][ERROR  ] Connection to New York failed
[2024-06-05 12:07:35][HeartbeatProtocolCommandManager][INFO   ] Sending heartbeat to London...
[2024-06-05 12:07:37][HiveSenderClient               ][ERROR  ] Connection to London failed
[2024-06-05 12:07:44][HiveSenderClient               ][ERROR  ] Connection to New York failed
[2024-06-05 12:07:52][HiveSenderClient               ][ERROR  ] Connection to London failed
[2024-06-05 12:07:59][HiveSenderClient               ][ERROR  ] Connection to New York failed
[2024-06-05 12:07:59][HiveSenderClient               ][WARNING] Failed to send message to New York after 3 attempts
[2024-06-05 12:08:06][HiveSenderClient               ][ERROR  ] Connection to London failed
[2024-06-05 12:08:13][HiveSenderClient               ][ERROR  ] Connection to London failed
[2024-06-05 12:08:20][HiveSenderClient               ][ERROR  ] Connection to New York failed
[2024-06-05 12:08:27][HiveSenderClient               ][ERROR  ] Connection to New York failed
[2024-06-05 12:08:34][HiveSenderClient               ][ERROR  ] Connection to London failed
[2024-06-05 12:09:56][HiveNodeManager                ][INFO   ] Node London does not exist in the node list...
[2024-06-05 12:09:56][HiveNodeManager                ][INFO   ] Node London does not exist in the node list...
[2024-06-05 12:09:56][HiveNodeManager                ][INFO   ] Node New York does not exist in the node list...
[2024-06-05 12:09:56][HiveNodeManager                ][INFO   ] Configuration loaded successfully.
[2024-06-05 12:09:56][HiveReceiverService            ][INFO   ] HiveReceiverService is running...
[2024-06-05 12:09:56][HeartbeatProtocolCommandManager][INFO   ] Sending heartbeat to New York...
[2024-06-05 12:10:03][HiveSenderClient               ][ERROR  ] Connection to New York failed
[2024-06-05 12:10:06][HeartbeatProtocolCommandManager][INFO   ] Sending heartbeat to New York...
[2024-06-05 12:10:10][HiveSenderClient               ][ERROR  ] Connection to New York failed
[2024-06-05 12:10:16][HeartbeatProtocolCommandManager][INFO   ] Sending heartbeat to London...
[2024-06-05 12:10:17][HiveSenderClient               ][ERROR  ] Connection to New York failed
[2024-06-05 12:10:24][HiveSenderClient               ][ERROR  ] Connection to New York failed
[2024-06-05 12:10:26][HeartbeatProtocolCommandManager][INFO   ] Sending heartbeat to London...
[2024-06-05 12:10:31][HiveSenderClient               ][ERROR  ] Connection to New York failed
[2024-06-05 12:10:36][HeartbeatProtocolCommandManager][INFO   ] Sending heartbeat to London...
[2024-06-05 12:10:38][HiveSenderClient               ][ERROR  ] Connection to New York failed
[2024-06-05 12:10:45][HiveSenderClient               ][ERROR  ] Connection to New York failed
[2024-06-05 12:10:46][HeartbeatProtocolCommandManager][INFO   ] Sending heartbeat to London...
[2024-06-05 12:14:14][HiveNodeManager                ][INFO   ] Node London does not exist in the node list...
[2024-06-05 12:14:14][HiveNodeManager                ][INFO   ] Node London does not exist in the node list...
[2024-06-05 12:14:14][HiveNodeManager                ][INFO   ] Node New York does not exist in the node list...
[2024-06-05 12:14:14][HiveNodeManager                ][INFO   ] Configuration loaded successfully.
[2024-06-05 12:14:14][HiveNodeManager                ][INFO   ] here?? 
[2024-06-05 12:14:15][HiveReceiverService            ][INFO   ] HiveReceiverService is running...
[2024-06-05 12:14:15][HeartbeatProtocolCommandManager][INFO   ] Sending heartbeat to New York...
[2024-06-05 12:14:22][HiveSenderClient               ][ERROR  ] Connection to London failed
[2024-06-05 12:14:25][HeartbeatProtocolCommandManager][INFO   ] Sending heartbeat to New York...
[2024-06-05 12:14:29][HiveSenderClient               ][ERROR  ] Connection to New York failed
[2024-06-05 12:14:35][HeartbeatProtocolCommandManager][INFO   ] Sending heartbeat to London...
[2024-06-05 12:14:35][HiveNodeManager                ][INFO   ] ------------------------------------------------------------------------------------------------------------------------
[2024-06-05 12:14:35][HiveNodeManager                ][INFO   ] Friendly Name  | IP Address  | Port  | Status | Last Heartbeat | Failed Connections
[2024-06-05 12:14:35][HiveNodeManager                ][INFO   ] -------------- | ----------- | ----- | ------ | -------------- | ------------------
[2024-06-05 12:14:35][HiveNodeManager                ][INFO   ] London*        | 127.0.0.1   | 54322 | Live   | None           | 0                 
[2024-06-05 12:14:35][HiveNodeManager                ][INFO   ] London*        | 192.168.1.1 | 8000  | Live   | None           | 1                 
[2024-06-05 12:14:35][HiveNodeManager                ][INFO   ] New York*      | 192.168.1.2 | 8001  | Live   | None           | 1                 
[2024-06-05 12:14:35][HiveNodeManager                ][INFO   ] ------------------------------------------------------------------------------------------------------------------------
[2024-06-05 12:14:36][HiveSenderClient               ][ERROR  ] Connection to London failed
[2024-06-05 12:14:43][HiveSenderClient               ][ERROR  ] Connection to New York failed
[2024-06-05 12:14:45][HeartbeatProtocolCommandManager][INFO   ] Sending heartbeat to London...
[2024-06-05 12:14:50][HiveSenderClient               ][ERROR  ] Connection to New York failed
[2024-06-05 12:14:55][HeartbeatProtocolCommandManager][INFO   ] Sending heartbeat to London...
[2024-06-05 12:14:57][HiveSenderClient               ][ERROR  ] Connection to New York failed
[2024-06-05 12:15:04][HiveSenderClient               ][ERROR  ] Connection to London failed
[2024-06-05 12:15:11][HiveSenderClient               ][ERROR  ] Connection to London failed
[2024-06-05 12:15:14][HiveNodeManager                ][INFO   ] ------------------------------------------------------------------------------------------------------------------------
[2024-06-05 12:15:14][HiveNodeManager                ][INFO   ] Friendly Name  | IP Address  | Port  | Status | Last Heartbeat | Failed Connections
[2024-06-05 12:15:14][HiveNodeManager                ][INFO   ] -------------- | ----------- | ----- | ------ | -------------- | ------------------
[2024-06-05 12:15:14][HiveNodeManager                ][INFO   ] London*        | 127.0.0.1   | 54322 | Live   | None           | 0                 
[2024-06-05 12:15:14][HiveNodeManager                ][INFO   ] London*        | 192.168.1.1 | 8000  | Dead   | None           | 4                 
[2024-06-05 12:15:14][HiveNodeManager                ][INFO   ] New York*      | 192.168.1.2 | 8001  | Dead   | None           | 4                 
[2024-06-05 12:15:14][HiveNodeManager                ][INFO   ] ------------------------------------------------------------------------------------------------------------------------
[2024-06-05 12:15:18][HiveSenderClient               ][ERROR  ] Connection to London failed
[2024-06-05 12:15:18][HiveSenderClient               ][WARNING] Failed to send message to London after 3 attempts
[2024-06-05 12:15:25][HiveSenderClient               ][ERROR  ] Connection to New York failed
[2024-06-05 12:15:32][HiveSenderClient               ][ERROR  ] Connection to London failed
[2024-06-05 12:15:39][HiveSenderClient               ][ERROR  ] Connection to London failed
[2024-06-05 13:03:07][HiveNodeManager                ][INFO   ] Node London does not exist in the node list...
[2024-06-05 13:03:07][HiveNodeManager                ][INFO   ] Node London does not exist in the node list...
[2024-06-05 13:03:07][HiveNodeManager                ][INFO   ] Node New York does not exist in the node list...
[2024-06-05 13:03:07][HiveNodeManager                ][INFO   ] Configuration loaded successfully.
[2024-06-05 13:03:07][HiveNodeManager                ][INFO   ] Status check for London succeeded.
[2024-06-05 13:03:07][HiveReceiverService            ][INFO   ] HiveReceiverService is running...
[2024-06-05 13:03:07][HeartbeatProtocolCommandManager][INFO   ] Sending heartbeat to New York...
[2024-06-05 13:03:14][HiveSenderClient               ][ERROR  ] Connection to New York failed
[2024-06-05 13:03:14][HiveNodeManager                ][INFO   ] Status check for London succeeded.
[2024-06-05 13:03:17][HeartbeatProtocolCommandManager][INFO   ] Sending heartbeat to New York...
[2024-06-05 13:03:21][HiveSenderClient               ][ERROR  ] Connection to New York failed
[2024-06-05 13:08:03][HiveNodeManager                ][INFO   ] Node London does not exist in the node list...
[2024-06-05 13:08:03][HiveNodeManager                ][INFO   ] Node London does not exist in the node list...
[2024-06-05 13:08:03][HiveNodeManager                ][INFO   ] Node New York does not exist in the node list...
[2024-06-05 13:08:03][HiveNodeManager                ][INFO   ] Configuration loaded successfully.
[2024-06-05 13:08:03][HiveReceiverService            ][INFO   ] HiveReceiverService is running...
[2024-06-05 13:08:03][HeartbeatProtocolCommandManager][INFO   ] Sending heartbeat to New York...
[2024-06-05 13:08:10][HiveSenderClient               ][ERROR  ] Connection to London failed
[2024-06-05 13:08:13][HeartbeatProtocolCommandManager][INFO   ] Sending heartbeat to London...
[2024-06-05 13:08:17][HiveSenderClient               ][ERROR  ] Connection to New York failed
[2024-06-05 13:08:23][HeartbeatProtocolCommandManager][INFO   ] Sending heartbeat to London...
[2024-06-05 13:08:24][HiveSenderClient               ][ERROR  ] Connection to London failed
[2024-06-05 13:08:31][HiveSenderClient               ][ERROR  ] Connection to London failed
[2024-06-05 13:08:33][HeartbeatProtocolCommandManager][INFO   ] Sending heartbeat to New York...
[2024-06-05 13:08:38][HiveSenderClient               ][ERROR  ] Connection to London failed
[2024-06-05 13:15:27][HiveNodeManager                ][INFO   ] Node London does not exist in the node list...
[2024-06-05 13:15:27][HiveNodeManager                ][INFO   ] Node London does not exist in the node list...
[2024-06-05 13:15:27][HiveNodeManager                ][INFO   ] Node New York does not exist in the node list...
[2024-06-05 13:15:27][HiveNodeManager                ][INFO   ] Configuration loaded successfully.
[2024-06-05 13:15:27][HiveNodeManager                ][INFO   ] No services configured for node.
[2024-06-05 13:15:27][HiveReceiverService            ][INFO   ] HiveReceiverService is running...
[2024-06-05 13:15:27][HeartbeatProtocolCommandManager][INFO   ] Sending heartbeat to London...
[2024-06-05 13:15:31][HiveNodeManager                ][INFO   ] No services configured for node.
[2024-06-05 13:15:35][HiveSenderClient               ][ERROR  ] Connection to New York failed
[2024-06-05 13:15:37][HeartbeatProtocolCommandManager][INFO   ] Sending heartbeat to London...
[2024-06-05 13:15:42][HiveSenderClient               ][ERROR  ] Connection to London failed
[2024-06-05 13:15:47][HeartbeatProtocolCommandManager][INFO   ] Sending heartbeat to New York...
[2024-06-05 13:15:49][HiveSenderClient               ][ERROR  ] Connection to New York failed
[2024-06-05 13:15:56][HiveSenderClient               ][ERROR  ] Connection to London failed
[2024-06-05 13:15:57][HeartbeatProtocolCommandManager][INFO   ] Sending heartbeat to New York...
[2024-06-05 13:16:03][HiveSenderClient               ][ERROR  ] Connection to London failed
[2024-06-05 13:17:00][HiveNodeManager                ][INFO   ] Node London does not exist in the node list...
[2024-06-05 13:17:00][HiveNodeManager                ][INFO   ] Node London does not exist in the node list...
[2024-06-05 13:17:00][HiveNodeManager                ][INFO   ] Node New York does not exist in the node list...
[2024-06-05 13:17:00][HiveNodeManager                ][INFO   ] Configuration loaded successfully.
[2024-06-05 13:17:00][HiveNodeManager                ][INFO   ] No services configured for node.
[2024-06-05 13:17:00][HiveReceiverService            ][INFO   ] HiveReceiverService is running...
[2024-06-05 13:17:00][HeartbeatProtocolCommandManager][INFO   ] Sending heartbeat to London...
[2024-06-05 13:17:06][HiveNodeManager                ][INFO   ] No services configured for node.
[2024-06-05 13:17:07][HiveSenderClient               ][ERROR  ] Connection to London failed
[2024-06-05 13:26:09][HiveNodeManager                ][INFO   ] Node London does not exist in the node list...
[2024-06-05 13:26:09][HiveNodeManager                ][INFO   ] Node London does not exist in the node list...
[2024-06-05 13:26:09][HiveNodeManager                ][INFO   ] Node New York does not exist in the node list...
[2024-06-05 13:26:09][HiveNodeManager                ][INFO   ] Configuration loaded successfully.
[2024-06-05 13:26:09][HiveNodeManager                ][INFO   ] No services configured for node.
[2024-06-05 13:26:09][HiveReceiverService            ][INFO   ] HiveReceiverService is running...
[2024-06-05 13:26:09][HeartbeatProtocolCommandManager][INFO   ] Sending heartbeat to London...
[2024-06-05 13:26:16][HiveSenderClient               ][ERROR  ] Connection to New York failed
[2024-06-05 13:26:17][HiveNodeManager                ][INFO   ] No services configured for node.
[2024-06-05 13:26:19][HeartbeatProtocolCommandManager][INFO   ] Sending heartbeat to London...
[2024-06-05 13:27:41][HiveNodeManager                ][INFO   ] Node London does not exist in the node list...
[2024-06-05 13:27:41][HiveNodeManager                ][INFO   ] Node London does not exist in the node list...
[2024-06-05 13:27:41][HiveNodeManager                ][INFO   ] Node New York does not exist in the node list...
[2024-06-05 13:27:41][HiveNodeManager                ][INFO   ] Configuration loaded successfully.
[2024-06-05 13:27:41][HiveNodeManager                ][INFO   ] No services configured for node.
[2024-06-05 13:27:41][HiveReceiverService            ][INFO   ] HiveReceiverService is running...
[2024-06-05 13:27:41][HeartbeatProtocolCommandManager][INFO   ] Sending heartbeat to London...
[2024-06-05 13:27:48][HiveSenderClient               ][ERROR  ] Connection to London failed
[2024-06-05 13:27:51][HeartbeatProtocolCommandManager][INFO   ] Sending heartbeat to London...
[2024-06-05 13:27:55][HiveSenderClient               ][ERROR  ] Connection to London failed
[2024-06-05 13:28:01][HeartbeatProtocolCommandManager][INFO   ] Sending heartbeat to London...
[2024-06-05 13:28:02][HiveSenderClient               ][ERROR  ] Connection to London failed
[2024-06-05 13:28:09][HiveSenderClient               ][ERROR  ] Connection to London failed
[2024-06-05 13:28:11][HeartbeatProtocolCommandManager][INFO   ] Sending heartbeat to New York...
[2024-06-05 13:28:16][HiveSenderClient               ][ERROR  ] Connection to London failed
[2024-06-05 13:28:21][HeartbeatProtocolCommandManager][INFO   ] Sending heartbeat to New York...
[2024-06-05 13:28:23][HiveSenderClient               ][ERROR  ] Connection to London failed
[2024-06-05 13:36:13][HiveNodeManager                ][INFO   ] Node London does not exist in the node list...
[2024-06-05 13:36:13][HiveNodeManager                ][INFO   ] Node London does not exist in the node list...
[2024-06-05 13:36:13][HiveNodeManager                ][INFO   ] Node New York does not exist in the node list...
[2024-06-05 13:36:13][HiveNodeManager                ][INFO   ] Configuration loaded successfully.
[2024-06-05 13:36:13][HiveNodeManager                ][INFO   ] No services configured for node.
[2024-06-05 13:36:13][HiveReceiverService            ][INFO   ] HiveReceiverService is running...
[2024-06-05 13:36:13][HeartbeatProtocolCommandManager][INFO   ] Sending heartbeat to London...
[2024-06-05 13:36:16][HiveNodeManager                ][INFO   ] No services configured for node.
[2024-06-05 13:36:20][HiveSenderClient               ][ERROR  ] Connection to London failed
[2024-06-05 13:36:23][HeartbeatProtocolCommandManager][INFO   ] Sending heartbeat to New York...
[2024-06-05 13:38:43][HiveNodeManager                ][INFO   ] Node London does not exist in the node list...
[2024-06-05 13:38:43][HiveNodeManager                ][INFO   ] services here??
[2024-06-05 13:38:43][HiveNodeManager                ][INFO   ] Node London does not exist in the node list...
[2024-06-05 13:38:43][HiveNodeManager                ][INFO   ] services here??
[2024-06-05 13:38:43][HiveNodeManager                ][INFO   ] Node New York does not exist in the node list...
[2024-06-05 13:38:43][HiveNodeManager                ][INFO   ] Configuration loaded successfully.
[2024-06-05 13:38:43][HiveNodeManager                ][INFO   ] No services configured for node.
[2024-06-05 13:38:43][HiveReceiverService            ][INFO   ] HiveReceiverService is running...
[2024-06-05 13:38:43][HeartbeatProtocolCommandManager][INFO   ] Sending heartbeat to New York...
[2024-06-05 13:38:50][HiveSenderClient               ][ERROR  ] Connection to London failed
[2024-06-05 13:38:53][HeartbeatProtocolCommandManager][INFO   ] Sending heartbeat to New York...
[2024-06-05 13:38:57][HiveSenderClient               ][ERROR  ] Connection to New York failed
[2024-06-05 13:39:03][HeartbeatProtocolCommandManager][INFO   ] Sending heartbeat to New York...
[2024-06-05 13:39:04][HiveSenderClient               ][ERROR  ] Connection to London failed
[2024-06-05 13:39:12][HiveSenderClient               ][ERROR  ] Connection to New York failed
[2024-06-05 13:39:13][HeartbeatProtocolCommandManager][INFO   ] Sending heartbeat to London...
[2024-06-05 13:39:50][HiveNodeManager                ][INFO   ] Node London does not exist in the node list...
[2024-06-05 13:39:50][HiveNodeManager                ][INFO   ] services here??
[2024-06-05 13:39:50][HiveNodeManager                ][INFO   ] Node London does not exist in the node list...
[2024-06-05 13:39:50][HiveNodeManager                ][INFO   ] services here??
[2024-06-05 13:39:50][HiveNodeManager                ][INFO   ] Node New York does not exist in the node list...
[2024-06-05 13:39:50][HiveNodeManager                ][INFO   ] Configuration loaded successfully.
[2024-06-05 13:39:50][HiveNodeManager                ][INFO   ] No services configured for node.
[2024-06-05 13:39:50][HiveReceiverService            ][INFO   ] HiveReceiverService is running...
[2024-06-05 13:39:50][HeartbeatProtocolCommandManager][INFO   ] Sending heartbeat to New York...
[2024-06-05 13:39:58][HiveSenderClient               ][ERROR  ] Connection to New York failed
[2024-06-05 13:40:00][HeartbeatProtocolCommandManager][INFO   ] Sending heartbeat to London...
[2024-06-05 13:40:05][HiveSenderClient               ][ERROR  ] Connection to New York failed
[2024-06-05 13:40:11][HeartbeatProtocolCommandManager][INFO   ] Sending heartbeat to New York...
[2024-06-05 13:40:12][HiveSenderClient               ][ERROR  ] Connection to New York failed
[2024-06-05 13:40:17][HiveNodeManager                ][INFO   ] No services configured for node.
[2024-06-05 13:40:19][HiveSenderClient               ][ERROR  ] Connection to London failed
[2024-06-05 13:40:21][HeartbeatProtocolCommandManager][INFO   ] Sending heartbeat to London...
[2024-06-05 13:40:26][HiveSenderClient               ][ERROR  ] Connection to London failed
[2024-06-05 13:40:31][HeartbeatProtocolCommandManager][INFO   ] Sending heartbeat to London...
[2024-06-05 13:40:33][HiveSenderClient               ][ERROR  ] Connection to New York failed
[2024-06-05 13:40:40][HiveSenderClient               ][ERROR  ] Connection to New York failed
[2024-06-05 13:40:41][HeartbeatProtocolCommandManager][INFO   ] Sending heartbeat to London...
[2024-06-05 13:40:47][HiveSenderClient               ][ERROR  ] Connection to New York failed
[2024-06-05 13:40:51][HeartbeatProtocolCommandManager][INFO   ] Sending heartbeat to London...
[2024-06-05 13:40:54][HiveSenderClient               ][ERROR  ] Connection to New York failed
[2024-06-05 13:40:54][HiveSenderClient               ][WARNING] Failed to send message to New York after 3 attempts
[2024-06-05 13:43:10][HiveNodeManager                ][INFO   ] Node London does not exist in the node list...
[2024-06-05 13:43:10][HiveNodeManager                ][INFO   ] services here??
[2024-06-05 13:43:10][HiveNodeManager                ][INFO   ] Node London does not exist in the node list...
[2024-06-05 13:43:10][HiveNodeManager                ][INFO   ] Loaded node London with services: {'Ping': [['Google', '8.8.8.8', 5], ['Wiki', '198.35.26.96', 10]], 'HTTP': [['Example website', 'http://example.com', 20], ['Wiki', 'http://www.wikipedia.org', 15]], 'HTTPS': [['Example website', 'https://example.com', 8], ['Wiki', 'https://www.wikipedia.org', 10]], 'NTP': [['Apple NTP Server', 'time.apple.com', 25], ['Public NTP Server', 'pool.ntp.org', 12]]}
[2024-06-05 13:43:10][HiveNodeManager                ][INFO   ] services here??
[2024-06-05 13:43:10][HiveNodeManager                ][INFO   ] Node New York does not exist in the node list...
[2024-06-05 13:43:10][HiveNodeManager                ][INFO   ] Loaded node New York with services: {}
[2024-06-05 13:43:10][HiveNodeManager                ][INFO   ] Configuration loaded successfully.
[2024-06-05 13:43:10][HiveNodeManager                ][INFO   ] No services configured for node.
[2024-06-05 13:43:10][HiveReceiverService            ][INFO   ] HiveReceiverService is running...
[2024-06-05 13:43:10][HeartbeatProtocolCommandManager][INFO   ] Sending heartbeat to London...
[2024-06-05 13:43:17][HiveSenderClient               ][ERROR  ] Connection to London failed
[2024-06-05 13:43:20][HeartbeatProtocolCommandManager][INFO   ] Sending heartbeat to London...
[2024-06-05 13:43:24][HiveSenderClient               ][ERROR  ] Connection to London failed
[2024-06-05 13:43:30][HeartbeatProtocolCommandManager][INFO   ] Sending heartbeat to New York...
[2024-06-05 13:43:31][HiveSenderClient               ][ERROR  ] Connection to London failed
[2024-06-05 13:45:14][HiveNodeManager                ][INFO   ] Node London does not exist in the node list...
[2024-06-05 13:45:14][HiveNodeManager                ][INFO   ] services here??
[2024-06-05 13:45:14][HiveNodeManager                ][INFO   ] Node New York does not exist in the node list...
[2024-06-05 13:45:14][HiveNodeManager                ][INFO   ] Loaded node New York with services: {}
[2024-06-05 13:45:14][HiveNodeManager                ][INFO   ] services here??
[2024-06-05 13:45:14][HiveNodeManager                ][INFO   ] Node London does not exist in the node list...
[2024-06-05 13:45:14][HiveNodeManager                ][INFO   ] Loaded node London with services: {'Ping': [['Google', '8.8.8.8', 5], ['Wiki', '198.35.26.96', 10]], 'HTTP': [['Example website', 'http://example.com', 20], ['Wiki', 'http://www.wikipedia.org', 15]], 'HTTPS': [['Example website', 'https://example.com', 8], ['Wiki', 'https://www.wikipedia.org', 10]], 'NTP': [['Apple NTP Server', 'time.apple.com', 25], ['Public NTP Server', 'pool.ntp.org', 12]]}
[2024-06-05 13:45:14][HiveNodeManager                ][INFO   ] Configuration loaded successfully.
[2024-06-05 13:45:14][HiveNodeManager                ][INFO   ] No services configured for node.
[2024-06-05 13:45:14][HiveReceiverService            ][INFO   ] HiveReceiverService is running...
[2024-06-05 13:45:14][HeartbeatProtocolCommandManager][INFO   ] Sending heartbeat to London...
[2024-06-05 13:45:18][HiveNodeManager                ][INFO   ] No services configured for node.
[2024-06-05 13:45:21][HiveSenderClient               ][ERROR  ] Connection to London failed
[2024-06-05 13:45:24][HeartbeatProtocolCommandManager][INFO   ] Sending heartbeat to London...
[2024-06-05 13:45:28][HiveSenderClient               ][ERROR  ] Connection to London failed
[2024-06-05 13:45:34][HeartbeatProtocolCommandManager][INFO   ] Sending heartbeat to New York...
[2024-06-05 13:45:35][HiveSenderClient               ][ERROR  ] Connection to London failed
[2024-06-05 13:45:42][HiveSenderClient               ][ERROR  ] Connection to London failed
[2024-06-05 14:00:18][HiveNodeManager                ][INFO   ] Node London does not exist in the node list...
[2024-06-05 14:00:18][HiveNodeManager                ][INFO   ] services here??
[2024-06-05 14:00:18][HiveNodeManager                ][INFO   ] Node New York does not exist in the node list...
[2024-06-05 14:00:18][HiveNodeManager                ][INFO   ] Loaded node New York with services: {}
[2024-06-05 14:00:18][HiveNodeManager                ][INFO   ] services here??
[2024-06-05 14:00:18][HiveNodeManager                ][INFO   ] Node London does not exist in the node list...
[2024-06-05 14:00:18][HiveNodeManager                ][INFO   ] Loaded node London with services: {'Ping': [['Google', '8.8.8.8', 5], ['Wiki', '198.35.26.96', 10]], 'HTTP': [['Example website', 'http://example.com', 20], ['Wiki', 'http://www.wikipedia.org', 15]], 'HTTPS': [['Example website', 'https://example.com', 8], ['Wiki', 'https://www.wikipedia.org', 10]], 'NTP': [['Apple NTP Server', 'time.apple.com', 25], ['Public NTP Server', 'pool.ntp.org', 12]]}
[2024-06-05 14:00:18][HiveNodeManager                ][INFO   ] Configuration loaded successfully.
[2024-06-05 14:00:18][HiveNodeManager                ][INFO   ] Performing status check on London.
[2024-06-05 14:00:18][HiveNodeManager                ][INFO   ] No services configured for London.
[2024-06-05 14:00:18][HiveReceiverService            ][INFO   ] HiveReceiverService is running...
[2024-06-05 14:00:18][HeartbeatProtocolCommandManager][INFO   ] Sending heartbeat to New York...
[2024-06-05 14:00:25][HiveSenderClient               ][ERROR  ] Connection to New York failed
[2024-06-05 14:00:27][HiveNodeManager                ][INFO   ] Performing status check on London.
[2024-06-05 14:00:27][HiveNodeManager                ][INFO   ] No services configured for London.
[2024-06-05 14:00:28][HeartbeatProtocolCommandManager][INFO   ] Sending heartbeat to New York...
[2024-06-05 14:00:32][HiveSenderClient               ][ERROR  ] Connection to New York failed
[2024-06-05 14:00:38][HeartbeatProtocolCommandManager][INFO   ] Sending heartbeat to London...
[2024-06-05 14:00:39][HiveSenderClient               ][ERROR  ] Connection to New York failed
